
[2022-07-12 10:21:15] [ ERROR] [GlobalExceptionHandler:17] Content type 'text/plain;charset=UTF-8' not supported
[2022-07-12 10:22:43] [ ERROR] [GlobalExceptionHandler:17] Content type 'text/plain;charset=UTF-8' not supported
[2022-07-12 10:44:41] [ ERROR] [GlobalExceptionHandler:17] Content type 'text/plain;charset=UTF-8' not supported
[2022-07-12 10:58:52] [ ERROR] [GlobalExceptionHandler:17] Content type 'text/plain;charset=UTF-8' not supported
[2022-07-12 11:11:00] [ ERROR] [GlobalExceptionHandler:17] Content type 'text/plain;charset=UTF-8' not supported
[2022-07-13 20:48:48] [ ERROR] [GlobalExceptionHandler:17] Content type 'text/plain;charset=UTF-8' not supported
[2022-07-13 21:26:47] [ ERROR] [GlobalExceptionHandler:17] Content type 'text/plain;charset=UTF-8' not supported
[2022-07-13 23:12:22] [ ERROR] [GlobalExceptionHandler:17] Content type 'text/plain;charset=UTF-8' not supported
[2022-07-13 23:32:24] [ ERROR] [GlobalExceptionHandler:17] Content type 'text/plain;charset=UTF-8' not supported
[2022-07-14 00:12:26] [ ERROR] [GlobalExceptionHandler:17] Content type 'text/plain;charset=UTF-8' not supported
[2022-07-14 01:07:26] [ ERROR] [GlobalExceptionHandler:17] 409 CONFLICT "Paciente ya cargado"
[2022-07-16 19:54:39] [ ERROR] [GlobalExceptionHandler:17] 409 CONFLICT "Paciente ya cargado"
[2022-07-16 19:55:24] [ ERROR] [GlobalExceptionHandler:17] 409 CONFLICT "Paciente ya cargado"
[2022-07-20 08:35:13] [ ERROR] [GlobalExceptionHandler:17] 409 CONFLICT "Paciente ya cargado"
[2022-07-20 08:35:48] [ ERROR] [GlobalExceptionHandler:17] 409 CONFLICT "Paciente ya cargado"
[2022-07-20 08:42:36] [ ERROR] [GlobalExceptionHandler:17] 409 CONFLICT "Paciente ya cargado"
[2022-07-20 08:45:17] [ ERROR] [GlobalExceptionHandler:17] 409 CONFLICT "Paciente ya cargado"
[2022-07-20 08:47:06] [ ERROR] [GlobalExceptionHandler:17] 409 CONFLICT "Paciente ya cargado"
[2022-07-20 18:40:31] [ ERROR] [GlobalExceptionHandler:17] The given id must not be null!; nested exception is java.lang.IllegalArgumentException: The given id must not be null!
[2022-07-20 20:32:38] [ ERROR] [GlobalExceptionHandler:17] The given id must not be null!; nested exception is java.lang.IllegalArgumentException: The given id must not be null!
[2022-07-21 10:26:03] [ ERROR] [GlobalExceptionHandler:17] The given id must not be null!; nested exception is java.lang.IllegalArgumentException: The given id must not be null!
[2022-07-22 09:36:41] [ ERROR] [GlobalExceptionHandler:17] The given id must not be null!; nested exception is java.lang.IllegalArgumentException: The given id must not be null!
[2022-07-22 09:46:37] [ ERROR] [GlobalExceptionHandler:17] The given id must not be null!; nested exception is java.lang.IllegalArgumentException: The given id must not be null!
[2022-07-22 10:14:55] [ ERROR] [GlobalExceptionHandler:17] The given id must not be null!; nested exception is java.lang.IllegalArgumentException: The given id must not be null!
[2022-07-22 10:16:16] [ ERROR] [GlobalExceptionHandler:17] 409 CONFLICT "Paciente ya cargado"
[2022-07-22 10:17:13] [ ERROR] [GlobalExceptionHandler:17] The given id must not be null!; nested exception is java.lang.IllegalArgumentException: The given id must not be null!
[2022-07-22 11:29:19] [ ERROR] [GlobalExceptionHandler:17] The given id must not be null!; nested exception is java.lang.IllegalArgumentException: The given id must not be null!
[2022-07-22 11:29:58] [ ERROR] [GlobalExceptionHandler:17] The given id must not be null!; nested exception is java.lang.IllegalArgumentException: The given id must not be null!
[2022-07-22 11:30:08] [ ERROR] [GlobalExceptionHandler:17] The given id must not be null!; nested exception is java.lang.IllegalArgumentException: The given id must not be null!
[2022-07-22 11:30:10] [ ERROR] [GlobalExceptionHandler:17] The given id must not be null!; nested exception is java.lang.IllegalArgumentException: The given id must not be null!
[2022-07-22 12:01:38] [ ERROR] [GlobalExceptionHandler:17] The given id must not be null!; nested exception is java.lang.IllegalArgumentException: The given id must not be null!
[2022-07-22 12:26:35] [ ERROR] [GlobalExceptionHandler:17] The given id must not be null!; nested exception is java.lang.IllegalArgumentException: The given id must not be null!
[2022-07-22 12:41:23] [ ERROR] [GlobalExceptionHandler:17] The given id must not be null!; nested exception is java.lang.IllegalArgumentException: The given id must not be null!
[2022-07-22 22:29:40] [ ERROR] [GlobalExceptionHandler:17] The given id must not be null!; nested exception is java.lang.IllegalArgumentException: The given id must not be null!
[2022-07-22 23:27:31] [ ERROR] [GlobalExceptionHandler:17] The given id must not be null!; nested exception is java.lang.IllegalArgumentException: The given id must not be null!
[2022-07-23 09:20:19] [ ERROR] [GlobalExceptionHandler:17] Content type 'text/plain;charset=UTF-8' not supported
[2022-07-23 09:25:21] [ ERROR] [GlobalExceptionHandler:17] Content type 'text/plain;charset=UTF-8' not supported
[2022-07-23 09:42:46] [ ERROR] [GlobalExceptionHandler:17] Content type 'text/plain;charset=UTF-8' not supported
[2022-07-23 09:51:30] [ ERROR] [GlobalExceptionHandler:17] JSON parse error: Cannot deserialize value of type `java.lang.String` from Object value (token `JsonToken.START_OBJECT`); nested exception is com.fasterxml.jackson.databind.exc.MismatchedInputException: Cannot deserialize value of type `java.lang.String` from Object value (token `JsonToken.START_OBJECT`)
 at [Source: (org.springframework.util.StreamUtils$NonClosingInputStream); line: 1, column: 16] (through reference chain: com.dh.clinicaodontologica.model.Patient["name"])
[2022-07-23 09:53:28] [ ERROR] [GlobalExceptionHandler:17] JSON parse error: Cannot deserialize value of type `java.lang.String` from Object value (token `JsonToken.START_OBJECT`); nested exception is com.fasterxml.jackson.databind.exc.MismatchedInputException: Cannot deserialize value of type `java.lang.String` from Object value (token `JsonToken.START_OBJECT`)
 at [Source: (org.springframework.util.StreamUtils$NonClosingInputStream); line: 1, column: 9] (through reference chain: com.dh.clinicaodontologica.model.Patient["name"])
[2022-07-23 10:32:08] [ ERROR] [GlobalExceptionHandler:17] JSON parse error: Cannot deserialize value of type `java.lang.String` from Object value (token `JsonToken.START_OBJECT`); nested exception is com.fasterxml.jackson.databind.exc.MismatchedInputException: Cannot deserialize value of type `java.lang.String` from Object value (token `JsonToken.START_OBJECT`)
 at [Source: (org.springframework.util.StreamUtils$NonClosingInputStream); line: 1, column: 16] (through reference chain: com.dh.clinicaodontologica.model.Patient["name"])
[2022-07-23 11:53:24] [ ERROR] [GlobalExceptionHandler:17] JSON parse error: Cannot deserialize value of type `java.lang.String` from Object value (token `JsonToken.START_OBJECT`); nested exception is com.fasterxml.jackson.databind.exc.MismatchedInputException: Cannot deserialize value of type `java.lang.String` from Object value (token `JsonToken.START_OBJECT`)
 at [Source: (org.springframework.util.StreamUtils$NonClosingInputStream); line: 1, column: 16] (through reference chain: com.dh.clinicaodontologica.dto.PatientDTO["name"])
[2022-07-23 19:37:54] [ ERROR] [GlobalExceptionHandler:17] Failed to convert value of type 'java.lang.String' to required type 'java.lang.Long'; nested exception is java.lang.NumberFormatException: For input string: "undefined"
[2022-07-27 16:41:51] [ ERROR] [GlobalExceptionHandler:17] 409 CONFLICT "Paciente ya cargado"
[2022-07-29 19:20:26] [ ERROR] [GlobalExceptionHandler:17] 204 NO_CONTENT "No existe el paciente con id: 2"
[2022-08-26 11:30:34] [ ERROR] [GlobalExceptionHandler:17] 204 NO_CONTENT "No existe el paciente con id: 1"
[2022-08-26 19:33:08] [ ERROR] [GlobalExceptionHandler:17] 204 NO_CONTENT "No existe el odontólogo que quieres modificar"
[2022-08-27 19:16:26] [ ERROR] [GlobalExceptionHandler:17] Failed to convert value of type 'java.lang.String' to required type 'java.lang.Long'; nested exception is java.lang.NumberFormatException: For input string: "${readDentist.value}"
[2022-08-27 19:17:05] [ ERROR] [GlobalExceptionHandler:17] Failed to convert value of type 'java.lang.String' to required type 'java.lang.Long'; nested exception is java.lang.NumberFormatException: For input string: "${readDentist.value}"
[2022-08-27 19:17:16] [ ERROR] [GlobalExceptionHandler:17] Failed to convert value of type 'java.lang.String' to required type 'java.lang.Long'; nested exception is java.lang.NumberFormatException: For input string: "${readPatient.value}"
[2022-08-28 12:25:01] [ ERROR] [GlobalExceptionHandler:17] Cannot invoke "com.dh.clinicaodontologica.model.Patient.getId()" because the return value of "com.dh.clinicaodontologica.model.Turn.getPatient()" is null
[2022-08-28 19:51:47] [ ERROR] [GlobalExceptionHandler:17] Cannot invoke "com.dh.clinicaodontologica.model.Patient.getId()" because the return value of "com.dh.clinicaodontologica.model.Turn.getPatient()" is null
[2022-08-28 20:00:13] [ ERROR] [GlobalExceptionHandler:17] JSON parse error: Cannot construct instance of `com.dh.clinicaodontologica.model.Patient` (although at least one Creator exists): no String-argument constructor/factory method to deserialize from String value ('1'); nested exception is com.fasterxml.jackson.databind.exc.MismatchedInputException: Cannot construct instance of `com.dh.clinicaodontologica.model.Patient` (although at least one Creator exists): no String-argument constructor/factory method to deserialize from String value ('1')
 at [Source: (org.springframework.util.StreamUtils$NonClosingInputStream); line: 1, column: 12] (through reference chain: com.dh.clinicaodontologica.model.Turn["patient"])
[2022-08-28 22:27:42] [ ERROR] [GlobalExceptionHandler:17] 204 NO_CONTENT "El paciente o el odontólogo que estas cargando no existe"
